<?xml version="1.0" encoding="UTF-8"?>
<!-- Generated by org.testng.reporters.JUnitXMLReporter -->
<testsuite ignored="3" hostname="DESKTOP-4BBM97T" failures="0" tests="5" name="Test" time="0.054" errors="0" timestamp="2021-06-18T15:43:55 IST">
  <testcase classname="Test.myPage1" name="Test3" time="0.005"/>
  <testcase classname="Test.myPage1" name="Test1" time="0.002"/>
  <testcase classname="Test.myPage1" name="Test4" time="0.001"/>
  <testcase classname="Test.myPage1" name="Test2" time="0.001"/>
  <testcase classname="Test.myPage2" name="Test2" time="0.002"/>
  <testcase classname="Test.myPage2" name="Test4" time="0.0">
    <ignored/>
  </testcase> <!-- Test4 -->
  <testcase classname="Test.myPage2" name="Test3" time="0.0">
    <ignored/>
  </testcase> <!-- Test3 -->
  <testcase classname="Test.myPage2" name="Test1" time="0.0">
    <ignored/>
  </testcase> <!-- Test1 -->
</testsuite> <!-- Test -->
