<?xml version="1.0" encoding="UTF-8"?>
<testng-results ignored="3" total="8" passed="5" failed="0" skipped="0">
  <reporter-output>
  </reporter-output>
  <suite started-at="2021-06-18T15:43:55 IST" name="Suite" finished-at="2021-06-18T15:43:55 IST" duration-ms="54">
    <groups>
      <group name="smoke">
        <method signature="myPage2.Test2()[pri:0, instance:Test.myPage2@5e5d171f]" name="Test2" class="Test.myPage2"/>
      </group> <!-- smoke -->
    </groups>
    <test started-at="2021-06-18T15:43:55 IST" name="Test" finished-at="2021-06-18T15:43:55 IST" duration-ms="54">
      <class name="Test.myPage2">
        <test-method signature="Test2()[pri:0, instance:Test.myPage2@5e5d171f]" started-at="2021-06-18T15:43:55 IST" name="Test2" finished-at="2021-06-18T15:43:55 IST" duration-ms="2" status="PASS">
          <reporter-output>
          </reporter-output>
        </test-method> <!-- Test2 -->
      </class> <!-- Test.myPage2 -->
      <class name="Test.myPage1">
        <test-method signature="Test3()[pri:0, instance:Test.myPage1@24aed80c]" started-at="2021-06-18T15:43:55 IST" name="Test3" finished-at="2021-06-18T15:43:55 IST" duration-ms="5" status="PASS">
          <reporter-output>
          </reporter-output>
        </test-method> <!-- Test3 -->
        <test-method signature="Test1()[pri:0, instance:Test.myPage1@24aed80c]" started-at="2021-06-18T15:43:55 IST" name="Test1" finished-at="2021-06-18T15:43:55 IST" duration-ms="2" status="PASS">
          <reporter-output>
          </reporter-output>
        </test-method> <!-- Test1 -->
        <test-method signature="Test4()[pri:0, instance:Test.myPage1@24aed80c]" started-at="2021-06-18T15:43:55 IST" name="Test4" finished-at="2021-06-18T15:43:55 IST" duration-ms="1" status="PASS">
          <reporter-output>
          </reporter-output>
        </test-method> <!-- Test4 -->
        <test-method signature="Test2()[pri:0, instance:Test.myPage1@24aed80c]" started-at="2021-06-18T15:43:55 IST" name="Test2" finished-at="2021-06-18T15:43:55 IST" depends-on-methods="Test.myPage1.Test3" duration-ms="1" status="PASS">
          <reporter-output>
          </reporter-output>
        </test-method> <!-- Test2 -->
      </class> <!-- Test.myPage1 -->
    </test> <!-- Test -->
  </suite> <!-- Suite -->
</testng-results>
