<?xml version="1.0" encoding="UTF-8"?>
<!-- Generated by org.testng.reporters.JUnitXMLReporter -->
<testsuite ignored="0" hostname="DESKTOP-4BBM97T" failures="0" tests="4" name="Default test" time="0.048" errors="0" timestamp="2021-06-18T15:42:48 IST">
  <testcase classname="Test.myPage1" name="Test3" time="0.006"/>
  <testcase classname="Test.myPage1" name="Test1" time="0.001"/>
  <testcase classname="Test.myPage1" name="Test4" time="0.001"/>
  <testcase classname="Test.myPage1" name="Test2" time="0.001"/>
</testsuite> <!-- Default test -->
